H:\VS\Common7\IDE\VC\VCTargets\Microsoft.CppBuild.targets(944,5): warning MSB8027: Two or more files with the name of main.cpp will produce outputs to the same location. This can lead to an incorrect build result.  The files involved are camera-posted\src\main.cpp, object-posted\src\main.cpp, scene-posted\src\main.cpp.
  camera.cpp
h:\github\homeworks\cmput411\as5\camera-posted\src\camera.cpp(5): fatal error C1083: Cannot open include file: 'camera.h': No such file or directory
  main.cpp
h:\github\homeworks\cmput411\as5\camera-posted\src\main.cpp(6): fatal error C1083: Cannot open include file: 'imageviewer.h': No such file or directory
  cylinder.cpp
h:\github\homeworks\cmput411\as5\object-posted\src\cylinder.cpp(8): fatal error C1083: Cannot open include file: 'cylinder.h': No such file or directory
  disk.cpp
h:\github\homeworks\cmput411\as5\object-posted\src\disk.cpp(8): fatal error C1083: Cannot open include file: 'disk.h': No such file or directory
  main.cpp
h:\github\homeworks\cmput411\as5\object-posted\src\main.cpp(6): fatal error C1083: Cannot open include file: 'imageviewer.h': No such file or directory
  plucker.cpp
h:\github\homeworks\cmput411\as5\object-posted\src\plucker.cpp(7): fatal error C1083: Cannot open include file: 'plucker.h': No such file or directory
  poly.cpp
h:\github\homeworks\cmput411\as5\object-posted\src\poly.cpp(9): fatal error C1083: Cannot open include file: 'poly.h': No such file or directory
  sphere.cpp
h:\github\homeworks\cmput411\as5\object-posted\src\sphere.cpp(8): fatal error C1083: Cannot open include file: 'sphere.h': No such file or directory
  main.cpp
h:\github\homeworks\cmput411\as5\scene-posted\src\main.cpp(6): fatal error C1083: Cannot open include file: 'imageviewer.h': No such file or directory
  scene.cpp
h:\github\homeworks\cmput411\as5\scene-posted\src\scene.cpp(5): fatal error C1083: Cannot open include file: 'scene.h': No such file or directory
  Generating Code...
